<?xml version="1.0" encoding="UTF-8"?>
<testng-results skipped="0" failed="0" ignored="0" total="1" passed="1">
  <reporter-output>
  </reporter-output>
  <suite name="Default suite" duration-ms="115" started-at="2022-11-22T19:49:50 IST" finished-at="2022-11-22T19:49:51 IST">
    <groups>
    </groups>
    <test name="Default test" duration-ms="115" started-at="2022-11-22T19:49:50 IST" finished-at="2022-11-22T19:49:51 IST">
      <class name="demo.PracticeTest">
        <test-method status="PASS" signature="practice()[pri:0, instance:demo.PracticeTest@76707e36]" name="practice" duration-ms="16" started-at="2022-11-22T19:49:51 IST" finished-at="2022-11-22T19:49:51 IST">
          <reporter-output>
          </reporter-output>
        </test-method> <!-- practice -->
      </class> <!-- demo.PracticeTest -->
    </test> <!-- Default test -->
  </suite> <!-- Default suite -->
</testng-results>
