<?xml version="1.0" encoding="UTF-8"?>
<testng-results skipped="0" failed="0" ignored="0" total="1" passed="1">
  <reporter-output>
  </reporter-output>
  <suite name="Default suite" duration-ms="106" started-at="2022-11-21T21:25:03 IST" finished-at="2022-11-21T21:25:03 IST">
    <groups>
    </groups>
    <test name="Default test" duration-ms="106" started-at="2022-11-21T21:25:03 IST" finished-at="2022-11-21T21:25:03 IST">
      <class name="demo.SampleTest">
        <test-method status="PASS" signature="test()[pri:0, instance:demo.SampleTest@76707e36]" name="test" duration-ms="16" started-at="2022-11-21T21:25:03 IST" finished-at="2022-11-21T21:25:03 IST">
          <reporter-output>
          </reporter-output>
        </test-method> <!-- test -->
      </class> <!-- demo.SampleTest -->
    </test> <!-- Default test -->
  </suite> <!-- Default suite -->
</testng-results>
